TN:
SF:config\logger.js
FNF:0
FNH:0
DA:1,1
DA:3,1
DA:17,1
LF:3
LH:3
BRDA:4,0,0,1
BRDA:4,0,1,1
BRDA:6,1,0,1
BRDA:6,1,1,0
BRF:4
BRH:3
end_of_record
TN:
SF:controllers\auth.js
FN:12,(anonymous_0)
FN:41,(anonymous_1)
FN:48,(anonymous_2)
FN:80,(anonymous_3)
FN:90,(anonymous_4)
FNF:5
FNH:4
FNDA:4,(anonymous_0)
FNDA:0,(anonymous_1)
FNDA:5,(anonymous_2)
FNDA:1,(anonymous_3)
FNDA:1,(anonymous_4)
DA:1,1
DA:2,1
DA:3,1
DA:5,1
DA:12,1
DA:13,4
DA:14,4
DA:16,4
DA:17,1
DA:20,3
DA:21,3
DA:22,1
DA:23,1
DA:26,2
DA:28,2
DA:30,2
DA:36,0
DA:37,0
DA:38,0
DA:40,0
DA:41,0
DA:42,0
DA:44,0
DA:48,1
DA:49,5
DA:50,5
DA:52,5
DA:53,1
DA:56,4
DA:58,4
DA:59,2
DA:60,2
DA:63,2
DA:65,2
DA:67,2
DA:69,2
DA:75,0
DA:76,0
DA:80,1
DA:81,1
DA:86,1
DA:87,1
DA:90,1
DA:91,1
DA:92,1
DA:93,1
DA:95,0
DA:96,0
DA:100,1
LF:49
LH:38
BRDA:16,0,0,1
BRDA:16,0,1,3
BRDA:16,1,0,4
BRDA:16,1,1,3
BRDA:16,1,2,3
BRDA:21,2,0,1
BRDA:21,2,1,2
BRDA:37,3,0,0
BRDA:37,3,1,0
BRDA:40,4,0,0
BRDA:40,4,1,0
BRDA:52,5,0,1
BRDA:52,5,1,4
BRDA:52,6,0,5
BRDA:52,6,1,5
BRDA:58,7,0,2
BRDA:58,7,1,2
BRDA:58,8,0,4
BRDA:58,8,1,3
BRF:19
BRH:15
end_of_record
TN:
SF:middleware\Auth.js
FN:4,(anonymous_0)
FNF:1
FNH:1
FNDA:2,(anonymous_0)
DA:1,1
DA:2,1
DA:4,1
DA:5,2
DA:6,2
DA:8,2
DA:9,1
DA:12,1
DA:13,1
DA:15,1
DA:16,0
DA:19,1
DA:21,0
DA:25,1
LF:14
LH:12
BRDA:8,0,0,1
BRDA:8,0,1,1
BRDA:15,1,0,0
BRDA:15,1,1,1
BRF:4
BRH:3
end_of_record
TN:
SF:models\User.js
FN:29,(anonymous_0)
FN:35,(anonymous_1)
FNF:2
FNH:2
FNDA:7,(anonymous_0)
FNDA:3,(anonymous_1)
DA:1,1
DA:2,1
DA:4,1
DA:29,1
DA:30,7
DA:31,7
DA:32,7
DA:35,1
DA:36,3
DA:39,1
LF:10
LH:10
BRDA:30,0,0,0
BRDA:30,0,1,7
BRF:2
BRH:1
end_of_record
TN:
SF:routes\authRoutes.js
FNF:0
FNH:0
DA:1,1
DA:2,1
DA:3,1
DA:5,1
DA:7,1
DA:8,1
DA:9,1
DA:10,1
DA:12,1
LF:9
LH:9
BRF:0
BRH:0
end_of_record
TN:
SF:utils\generateToken.js
FN:3,(anonymous_0)
FNF:1
FNH:1
FNDA:2,(anonymous_0)
DA:1,1
DA:3,1
DA:4,2
DA:5,0
DA:8,2
DA:13,1
LF:6
LH:5
BRDA:4,0,0,0
BRDA:4,0,1,2
BRDA:9,1,0,2
BRDA:9,1,1,2
BRF:4
BRH:3
end_of_record
