<?xml version="1.0" encoding="UTF-8"?>
<coverage generated="1787949473188" clover="3.2.0">
  <project timestamp="1787949473188" name="All files">
    <metrics statements="31" coveredstatements="31" conditionals="4" coveredconditionals="4" methods="8" coveredmethods="8" elements="43" coveredelements="43" complexity="0" loc="31" ncloc="31" packages="2" files="2" classes="2"/>
    <package name="components">
      <metrics statements="7" coveredstatements="7" conditionals="4" coveredconditionals="4" methods="1" coveredmethods="1"/>
      <file name="ProtectedRoute.jsx" path="C:\Users\MSS\Desktop\mern project final\cohort-9-mern-6825-syeda\frontend\Note-Taking-App\src\components\ProtectedRoute.jsx">
        <metrics statements="7" coveredstatements="7" conditionals="4" coveredconditionals="4" methods="1" coveredmethods="1"/>
        <line num="4" count="1" type="stmt"/>
        <line num="5" count="3" type="stmt"/>
        <line num="7" count="3" type="cond" truecount="2" falsecount="0"/>
        <line num="8" count="1" type="stmt"/>
        <line num="15" count="2" type="cond" truecount="2" falsecount="0"/>
        <line num="16" count="1" type="stmt"/>
        <line num="19" count="1" type="stmt"/>
      </file>
    </package>
    <package name="context">
      <metrics statements="24" coveredstatements="24" conditionals="0" coveredconditionals="0" methods="7" coveredmethods="7"/>
      <file name="AuthContext.jsx" path="C:\Users\MSS\Desktop\mern project final\cohort-9-mern-6825-syeda\frontend\Note-Taking-App\src\context\AuthContext.jsx">
        <metrics statements="24" coveredstatements="24" conditionals="0" coveredconditionals="0" methods="7" coveredmethods="7"/>
        <line num="4" count="1" type="stmt"/>
        <line num="6" count="1" type="stmt"/>
        <line num="7" count="14" type="stmt"/>
        <line num="8" count="14" type="stmt"/>
        <line num="10" count="14" type="stmt"/>
        <line num="11" count="6" type="stmt"/>
        <line num="14" count="14" type="stmt"/>
        <line num="15" count="6" type="stmt"/>
        <line num="16" count="6" type="stmt"/>
        <line num="17" count="3" type="stmt"/>
        <line num="19" count="3" type="stmt"/>
        <line num="21" count="6" type="stmt"/>
        <line num="25" count="14" type="stmt"/>
        <line num="26" count="1" type="stmt"/>
        <line num="27" count="1" type="stmt"/>
        <line num="30" count="14" type="stmt"/>
        <line num="31" count="1" type="stmt"/>
        <line num="32" count="1" type="stmt"/>
        <line num="33" count="1" type="stmt"/>
        <line num="36" count="14" type="stmt"/>
        <line num="37" count="2" type="stmt"/>
        <line num="38" count="1" type="stmt"/>
        <line num="41" count="14" type="stmt"/>
        <line num="48" count="14" type="stmt"/>
      </file>
    </package>
  </project>
</coverage>
