{"C:\\Users\\MSS\\Desktop\\mern project final\\cohort-9-mern-6825-syeda\\frontend\\Note-Taking-App\\src\\components\\ProtectedRoute.jsx": {"path":"C:\\Users\\MSS\\Desktop\\mern project final\\cohort-9-mern-6825-syeda\\frontend\\Note-Taking-App\\src\\components\\ProtectedRoute.jsx","statementMap":{"0":{"start":{"line":4,"column":23},"end":{"line":20,"column":1}},"1":{"start":{"line":5,"column":28},"end":{"line":5,"column":37}},"2":{"start":{"line":7,"column":2},"end":{"line":13,"column":3}},"3":{"start":{"line":8,"column":4},"end":{"line":12,"column":6}},"4":{"start":{"line":15,"column":2},"end":{"line":17,"column":3}},"5":{"start":{"line":16,"column":4},"end":{"line":16,"column":44}},"6":{"start":{"line":19,"column":2},"end":{"line":19,"column":18}}},"fnMap":{"0":{"name":"(anonymous_0)","decl":{"start":{"line":4,"column":23},"end":{"line":4,"column":24}},"loc":{"start":{"line":4,"column":41},"end":{"line":20,"column":1}},"line":4}},"branchMap":{"0":{"loc":{"start":{"line":7,"column":2},"end":{"line":13,"column":3}},"type":"if","locations":[{"start":{"line":7,"column":2},"end":{"line":13,"column":3}},{"start":{},"end":{}}],"line":7},"1":{"loc":{"start":{"line":15,"column":2},"end":{"line":17,"column":3}},"type":"if","locations":[{"start":{"line":15,"column":2},"end":{"line":17,"column":3}},{"start":{},"end":{}}],"line":15}},"s":{"0":1,"1":3,"2":3,"3":1,"4":2,"5":1,"6":1},"f":{"0":3},"b":{"0":[1,2],"1":[1,1]},"_coverageSchema":"1a1c01bbd47fc00a2c39e90264f33305004495a9","hash":"b07e0ca597d87be8bd91b68d6f95bd033c11da01"}
,"C:\\Users\\MSS\\Desktop\\mern project final\\cohort-9-mern-6825-syeda\\frontend\\Note-Taking-App\\src\\context\\AuthContext.jsx": {"path":"C:\\Users\\MSS\\Desktop\\mern project final\\cohort-9-mern-6825-syeda\\frontend\\Note-Taking-App\\src\\context\\AuthContext.jsx","statementMap":{"0":{"start":{"line":4,"column":20},"end":{"line":4,"column":35}},"1":{"start":{"line":6,"column":28},"end":{"line":46,"column":1}},"2":{"start":{"line":7,"column":26},"end":{"line":7,"column":40}},"3":{"start":{"line":8,"column":32},"end":{"line":8,"column":46}},"4":{"start":{"line":10,"column":2},"end":{"line":12,"column":9}},"5":{"start":{"line":11,"column":4},"end":{"line":11,"column":23}},"6":{"start":{"line":14,"column":27},"end":{"line":23,"column":3}},"7":{"start":{"line":15,"column":4},"end":{"line":22,"column":5}},"8":{"start":{"line":16,"column":18},"end":{"line":16,"column":43}},"9":{"start":{"line":17,"column":6},"end":{"line":17,"column":24}},"10":{"start":{"line":19,"column":6},"end":{"line":19,"column":20}},"11":{"start":{"line":21,"column":6},"end":{"line":21,"column":24}},"12":{"start":{"line":25,"column":19},"end":{"line":28,"column":3}},"13":{"start":{"line":26,"column":16},"end":{"line":26,"column":75}},"14":{"start":{"line":27,"column":4},"end":{"line":27,"column":20}},"15":{"start":{"line":30,"column":16},"end":{"line":34,"column":3}},"16":{"start":{"line":31,"column":16},"end":{"line":31,"column":66}},"17":{"start":{"line":32,"column":4},"end":{"line":32,"column":22}},"18":{"start":{"line":33,"column":4},"end":{"line":33,"column":20}},"19":{"start":{"line":36,"column":17},"end":{"line":39,"column":3}},"20":{"start":{"line":37,"column":4},"end":{"line":37,"column":35}},"21":{"start":{"line":38,"column":4},"end":{"line":38,"column":18}},"22":{"start":{"line":41,"column":2},"end":{"line":45,"column":4}},"23":{"start":{"line":48,"column":23},"end":{"line":48,"column":52}},"24":{"start":{"line":48,"column":29},"end":{"line":48,"column":52}}},"fnMap":{"0":{"name":"(anonymous_0)","decl":{"start":{"line":6,"column":28},"end":{"line":6,"column":29}},"loc":{"start":{"line":6,"column":46},"end":{"line":46,"column":1}},"line":6},"1":{"name":"(anonymous_1)","decl":{"start":{"line":10,"column":12},"end":{"line":10,"column":13}},"loc":{"start":{"line":10,"column":18},"end":{"line":12,"column":3}},"line":10},"2":{"name":"(anonymous_2)","decl":{"start":{"line":14,"column":27},"end":{"line":14,"column":28}},"loc":{"start":{"line":14,"column":39},"end":{"line":23,"column":3}},"line":14},"3":{"name":"(anonymous_3)","decl":{"start":{"line":25,"column":19},"end":{"line":25,"column":20}},"loc":{"start":{"line":25,"column":52},"end":{"line":28,"column":3}},"line":25},"4":{"name":"(anonymous_4)","decl":{"start":{"line":30,"column":16},"end":{"line":30,"column":17}},"loc":{"start":{"line":30,"column":43},"end":{"line":34,"column":3}},"line":30},"5":{"name":"(anonymous_5)","decl":{"start":{"line":36,"column":17},"end":{"line":36,"column":18}},"loc":{"start":{"line":36,"column":29},"end":{"line":39,"column":3}},"line":36},"6":{"name":"(anonymous_6)","decl":{"start":{"line":48,"column":23},"end":{"line":48,"column":24}},"loc":{"start":{"line":48,"column":29},"end":{"line":48,"column":52}},"line":48}},"branchMap":{},"s":{"0":1,"1":1,"2":14,"3":14,"4":14,"5":6,"6":14,"7":6,"8":6,"9":3,"10":3,"11":6,"12":14,"13":1,"14":1,"15":14,"16":1,"17":1,"18":1,"19":14,"20":2,"21":1,"22":14,"23":1,"24":14},"f":{"0":14,"1":6,"2":6,"3":1,"4":1,"5":2,"6":14},"b":{},"_coverageSchema":"1a1c01bbd47fc00a2c39e90264f33305004495a9","hash":"68b4f5c92c27dc0aed210b8a3f2b9823ff217443"}
}
