TN:
SF:src\components\ProtectedRoute.jsx
FN:4,(anonymous_0)
FNF:1
FNH:1
FNDA:3,(anonymous_0)
DA:4,1
DA:5,3
DA:7,3
DA:8,1
DA:15,2
DA:16,1
DA:19,1
LF:7
LH:7
BRDA:7,0,0,1
BRDA:7,0,1,2
BRDA:15,1,0,1
BRDA:15,1,1,1
BRF:4
BRH:4
end_of_record
TN:
SF:src\context\AuthContext.jsx
FN:6,(anonymous_0)
FN:10,(anonymous_1)
FN:14,(anonymous_2)
FN:25,(anonymous_3)
FN:30,(anonymous_4)
FN:36,(anonymous_5)
FN:48,(anonymous_6)
FNF:7
FNH:7
FNDA:14,(anonymous_0)
FNDA:6,(anonymous_1)
FNDA:6,(anonymous_2)
FNDA:1,(anonymous_3)
FNDA:1,(anonymous_4)
FNDA:2,(anonymous_5)
FNDA:14,(anonymous_6)
DA:4,1
DA:6,1
DA:7,14
DA:8,14
DA:10,14
DA:11,6
DA:14,14
DA:15,6
DA:16,6
DA:17,3
DA:19,3
DA:21,6
DA:25,14
DA:26,1
DA:27,1
DA:30,14
DA:31,1
DA:32,1
DA:33,1
DA:36,14
DA:37,2
DA:38,1
DA:41,14
DA:48,14
LF:24
LH:24
BRF:0
BRH:0
end_of_record
