{"C:\\Users\\MSS\\Desktop\\mern project final\\cohort-9-mern-6825-syeda\\backend\\routes\\authRoutes.js":{"path":"C:\\Users\\MSS\\Desktop\\mern project final\\cohort-9-mern-6825-syeda\\backend\\routes\\authRoutes.js","statementMap":{"0":{"start":{"line":1,"column":16},"end":{"line":1,"column":34}},"1":{"start":{"line":2,"column":55},"end":{"line":2,"column":85}},"2":{"start":{"line":3,"column":20},"end":{"line":3,"column":49}},"3":{"start":{"line":5,"column":15},"end":{"line":5,"column":31}},"4":{"start":{"line":7,"column":0},"end":{"line":7,"column":39}},"5":{"start":{"line":8,"column":0},"end":{"line":8,"column":33}},"6":{"start":{"line":9,"column":0},"end":{"line":9,"column":35}},"7":{"start":{"line":10,"column":0},"end":{"line":10,"column":34}},"8":{"start":{"line":12,"column":0},"end":{"line":12,"column":24}}},"fnMap":{},"branchMap":{},"s":{"0":1,"1":1,"2":1,"3":1,"4":1,"5":1,"6":1,"7":1,"8":1},"f":{},"b":{},"_coverageSchema":"1a1c01bbd47fc00a2c39e90264f33305004495a9","hash":"16176b62ce05d700f54cc424fd1e85f9f156943b","contentHash":"f63ef04942b586cc0f520195af90a3dca7156f341e37dc33c137322b6510375c"},"C:\\Users\\MSS\\Desktop\\mern project final\\cohort-9-mern-6825-syeda\\backend\\controllers\\auth.js":{"path":"C:\\Users\\MSS\\Desktop\\mern project final\\cohort-9-mern-6825-syeda\\backend\\controllers\\auth.js","statementMap":{"0":{"start":{"line":1,"column":13},"end":{"line":1,"column":38}},"1":{"start":{"line":2,"column":22},"end":{"line":2,"column":55}},"2":{"start":{"line":3,"column":15},"end":{"line":3,"column":42}},"3":{"start":{"line":5,"column":22},"end":{"line":10,"column":1}},"4":{"start":{"line":12,"column":21},"end":{"line":46,"column":1}},"5":{"start":{"line":13,"column":2},"end":{"line":45,"column":3}},"6":{"start":{"line":14,"column":38},"end":{"line":14,"column":46}},"7":{"start":{"line":16,"column":4},"end":{"line":18,"column":5}},"8":{"start":{"line":17,"column":6},"end":{"line":17,"column":91}},"9":{"start":{"line":20,"column":23},"end":{"line":20,"column":52}},"10":{"start":{"line":21,"column":4},"end":{"line":24,"column":5}},"11":{"start":{"line":22,"column":6},"end":{"line":22,"column":76}},"12":{"start":{"line":23,"column":6},"end":{"line":23,"column":86}},"13":{"start":{"line":26,"column":17},"end":{"line":26,"column":61}},"14":{"start":{"line":28,"column":4},"end":{"line":28,"column":61}},"15":{"start":{"line":30,"column":4},"end":{"line":34,"column":7}},"16":{"start":{"line":36,"column":4},"end":{"line":36,"column":51}},"17":{"start":{"line":37,"column":4},"end":{"line":39,"column":5}},"18":{"start":{"line":38,"column":6},"end":{"line":38,"column":86}},"19":{"start":{"line":40,"column":4},"end":{"line":43,"column":5}},"20":{"start":{"line":41,"column":23},"end":{"line":41,"column":76}},"21":{"start":{"line":41,"column":64},"end":{"line":41,"column":75}},"22":{"start":{"line":42,"column":6},"end":{"line":42,"column":68}},"23":{"start":{"line":44,"column":4},"end":{"line":44,"column":74}},"24":{"start":{"line":48,"column":18},"end":{"line":78,"column":1}},"25":{"start":{"line":49,"column":2},"end":{"line":77,"column":3}},"26":{"start":{"line":50,"column":32},"end":{"line":50,"column":40}},"27":{"start":{"line":52,"column":4},"end":{"line":54,"column":5}},"28":{"start":{"line":53,"column":6},"end":{"line":53,"column":84}},"29":{"start":{"line":56,"column":17},"end":{"line":56,"column":66}},"30":{"start":{"line":58,"column":4},"end":{"line":61,"column":5}},"31":{"start":{"line":59,"column":6},"end":{"line":59,"column":42}},"32":{"start":{"line":60,"column":6},"end":{"line":60,"column":76}},"33":{"start":{"line":63,"column":18},"end":{"line":63,"column":41}},"34":{"start":{"line":65,"column":4},"end":{"line":65,"column":46}},"35":{"start":{"line":67,"column":4},"end":{"line":67,"column":56}},"36":{"start":{"line":69,"column":4},"end":{"line":73,"column":7}},"37":{"start":{"line":75,"column":4},"end":{"line":75,"column":48}},"38":{"start":{"line":76,"column":4},"end":{"line":76,"column":67}},"39":{"start":{"line":80,"column":19},"end":{"line":88,"column":1}},"40":{"start":{"line":81,"column":2},"end":{"line":85,"column":5}},"41":{"start":{"line":86,"column":2},"end":{"line":86,"column":33}},"42":{"start":{"line":87,"column":2},"end":{"line":87,"column":63}},"43":{"start":{"line":90,"column":14},"end":{"line":98,"column":1}},"44":{"start":{"line":91,"column":2},"end":{"line":97,"column":3}},"45":{"start":{"line":92,"column":17},"end":{"line":92,"column":49}},"46":{"start":{"line":93,"column":4},"end":{"line":93,"column":31}},"47":{"start":{"line":95,"column":4},"end":{"line":95,"column":48}},"48":{"start":{"line":96,"column":4},"end":{"line":96,"column":68}},"49":{"start":{"line":100,"column":0},"end":{"line":100,"column":64}}},"fnMap":{"0":{"name":"(anonymous_0)","decl":{"start":{"line":12,"column":21},"end":{"line":12,"column":22}},"loc":{"start":{"line":12,"column":41},"end":{"line":46,"column":1}},"line":12},"1":{"name":"(anonymous_1)","decl":{"start":{"line":41,"column":55},"end":{"line":41,"column":56}},"loc":{"start":{"line":41,"column":64},"end":{"line":41,"column":75}},"line":41},"2":{"name":"(anonymous_2)","decl":{"start":{"line":48,"column":18},"end":{"line":48,"column":19}},"loc":{"start":{"line":48,"column":38},"end":{"line":78,"column":1}},"line":48},"3":{"name":"(anonymous_3)","decl":{"start":{"line":80,"column":19},"end":{"line":80,"column":20}},"loc":{"start":{"line":80,"column":33},"end":{"line":88,"column":1}},"line":80},"4":{"name":"(anonymous_4)","decl":{"start":{"line":90,"column":14},"end":{"line":90,"column":15}},"loc":{"start":{"line":90,"column":34},"end":{"line":98,"column":1}},"line":90}},"branchMap":{"0":{"loc":{"start":{"line":16,"column":4},"end":{"line":18,"column":5}},"type":"if","locations":[{"start":{"line":16,"column":4},"end":{"line":18,"column":5}},{"start":{},"end":{}}],"line":16},"1":{"loc":{"start":{"line":16,"column":8},"end":{"line":16,"column":36}},"type":"binary-expr","locations":[{"start":{"line":16,"column":8},"end":{"line":16,"column":13}},{"start":{"line":16,"column":17},"end":{"line":16,"column":23}},{"start":{"line":16,"column":27},"end":{"line":16,"column":36}}],"line":16},"2":{"loc":{"start":{"line":21,"column":4},"end":{"line":24,"column":5}},"type":"if","locations":[{"start":{"line":21,"column":4},"end":{"line":24,"column":5}},{"start":{},"end":{}}],"line":21},"3":{"loc":{"start":{"line":37,"column":4},"end":{"line":39,"column":5}},"type":"if","locations":[{"start":{"line":37,"column":4},"end":{"line":39,"column":5}},{"start":{},"end":{}}],"line":37},"4":{"loc":{"start":{"line":40,"column":4},"end":{"line":43,"column":5}},"type":"if","locations":[{"start":{"line":40,"column":4},"end":{"line":43,"column":5}},{"start":{},"end":{}}],"line":40},"5":{"loc":{"start":{"line":52,"column":4},"end":{"line":54,"column":5}},"type":"if","locations":[{"start":{"line":52,"column":4},"end":{"line":54,"column":5}},{"start":{},"end":{}}],"line":52},"6":{"loc":{"start":{"line":52,"column":8},"end":{"line":52,"column":27}},"type":"binary-expr","locations":[{"start":{"line":52,"column":8},"end":{"line":52,"column":14}},{"start":{"line":52,"column":18},"end":{"line":52,"column":27}}],"line":52},"7":{"loc":{"start":{"line":58,"column":4},"end":{"line":61,"column":5}},"type":"if","locations":[{"start":{"line":58,"column":4},"end":{"line":61,"column":5}},{"start":{},"end":{}}],"line":58},"8":{"loc":{"start":{"line":58,"column":8},"end":{"line":58,"column":56}},"type":"binary-expr","locations":[{"start":{"line":58,"column":8},"end":{"line":58,"column":13}},{"start":{"line":58,"column":17},"end":{"line":58,"column":56}}],"line":58}},"s":{"0":1,"1":1,"2":1,"3":1,"4":1,"5":4,"6":4,"7":4,"8":1,"9":3,"10":3,"11":1,"12":1,"13":2,"14":2,"15":2,"16":0,"17":0,"18":0,"19":0,"20":0,"21":0,"22":0,"23":0,"24":1,"25":5,"26":5,"27":5,"28":1,"29":4,"30":4,"31":2,"32":2,"33":2,"34":2,"35":2,"36":2,"37":0,"38":0,"39":1,"40":1,"41":1,"42":1,"43":1,"44":1,"45":1,"46":1,"47":0,"48":0,"49":1},"f":{"0":4,"1":0,"2":5,"3":1,"4":1},"b":{"0":[1,3],"1":[4,3,3],"2":[1,2],"3":[0,0],"4":[0,0],"5":[1,4],"6":[5,5],"7":[2,2],"8":[4,3]},"_coverageSchema":"1a1c01bbd47fc00a2c39e90264f33305004495a9","hash":"645fe7bd0050ce46a2dbba25155dce6f34b782ad","contentHash":"d78b3c940a1be33bf1b841f361419c769b80631fbc7374cb614a8a0cfcf955d1"},"C:\\Users\\MSS\\Desktop\\mern project final\\cohort-9-mern-6825-syeda\\backend\\models\\User.js":{"path":"C:\\Users\\MSS\\Desktop\\mern project final\\cohort-9-mern-6825-syeda\\backend\\models\\User.js","statementMap":{"0":{"start":{"line":1,"column":17},"end":{"line":1,"column":36}},"1":{"start":{"line":2,"column":15},"end":{"line":2,"column":34}},"2":{"start":{"line":4,"column":19},"end":{"line":27,"column":1}},"3":{"start":{"line":29,"column":0},"end":{"line":33,"column":3}},"4":{"start":{"line":30,"column":2},"end":{"line":30,"column":43}},"5":{"start":{"line":30,"column":36},"end":{"line":30,"column":43}},"6":{"start":{"line":31,"column":15},"end":{"line":31,"column":39}},"7":{"start":{"line":32,"column":2},"end":{"line":32,"column":57}},"8":{"start":{"line":35,"column":0},"end":{"line":37,"column":2}},"9":{"start":{"line":36,"column":2},"end":{"line":36,"column":56}},"10":{"start":{"line":39,"column":0},"end":{"line":39,"column":52}}},"fnMap":{"0":{"name":"(anonymous_0)","decl":{"start":{"line":29,"column":23},"end":{"line":29,"column":24}},"loc":{"start":{"line":29,"column":41},"end":{"line":33,"column":1}},"line":29},"1":{"name":"(anonymous_1)","decl":{"start":{"line":35,"column":37},"end":{"line":35,"column":38}},"loc":{"start":{"line":35,"column":70},"end":{"line":37,"column":1}},"line":35}},"branchMap":{"0":{"loc":{"start":{"line":30,"column":2},"end":{"line":30,"column":43}},"type":"if","locations":[{"start":{"line":30,"column":2},"end":{"line":30,"column":43}},{"start":{},"end":{}}],"line":30}},"s":{"0":1,"1":1,"2":1,"3":1,"4":7,"5":0,"6":7,"7":7,"8":1,"9":3,"10":1},"f":{"0":7,"1":3},"b":{"0":[0,7]},"_coverageSchema":"1a1c01bbd47fc00a2c39e90264f33305004495a9","hash":"b09f5fdd2b83eb6a31bed1696e7433430c54e6c0","contentHash":"330ed75bed081315e0d2d138d5edb2609759c95124abbd16b2eff70d0e41f1ea"},"C:\\Users\\MSS\\Desktop\\mern project final\\cohort-9-mern-6825-syeda\\backend\\utils\\generateToken.js":{"path":"C:\\Users\\MSS\\Desktop\\mern project final\\cohort-9-mern-6825-syeda\\backend\\utils\\generateToken.js","statementMap":{"0":{"start":{"line":1,"column":12},"end":{"line":1,"column":35}},"1":{"start":{"line":3,"column":22},"end":{"line":11,"column":1}},"2":{"start":{"line":4,"column":2},"end":{"line":6,"column":3}},"3":{"start":{"line":5,"column":4},"end":{"line":5,"column":74}},"4":{"start":{"line":8,"column":2},"end":{"line":10,"column":5}},"5":{"start":{"line":13,"column":0},"end":{"line":13,"column":31}}},"fnMap":{"0":{"name":"(anonymous_0)","decl":{"start":{"line":3,"column":22},"end":{"line":3,"column":23}},"loc":{"start":{"line":3,"column":34},"end":{"line":11,"column":1}},"line":3}},"branchMap":{"0":{"loc":{"start":{"line":4,"column":2},"end":{"line":6,"column":3}},"type":"if","locations":[{"start":{"line":4,"column":2},"end":{"line":6,"column":3}},{"start":{},"end":{}}],"line":4},"1":{"loc":{"start":{"line":9,"column":15},"end":{"line":9,"column":49}},"type":"binary-expr","locations":[{"start":{"line":9,"column":15},"end":{"line":9,"column":41}},{"start":{"line":9,"column":45},"end":{"line":9,"column":49}}],"line":9}},"s":{"0":1,"1":1,"2":2,"3":0,"4":2,"5":1},"f":{"0":2},"b":{"0":[0,2],"1":[2,2]},"_coverageSchema":"1a1c01bbd47fc00a2c39e90264f33305004495a9","hash":"335280c36d52de83bcd77959c560ac942b3370c8","contentHash":"770a71e80eac851938bde17353173ee4be94bac6a2556759ff8f1bd7d3909256"},"C:\\Users\\MSS\\Desktop\\mern project final\\cohort-9-mern-6825-syeda\\backend\\config\\logger.js":{"path":"C:\\Users\\MSS\\Desktop\\mern project final\\cohort-9-mern-6825-syeda\\backend\\config\\logger.js","statementMap":{"0":{"start":{"line":1,"column":13},"end":{"line":1,"column":28}},"1":{"start":{"line":3,"column":15},"end":{"line":15,"column":2}},"2":{"start":{"line":17,"column":0},"end":{"line":17,"column":24}}},"fnMap":{},"branchMap":{"0":{"loc":{"start":{"line":4,"column":9},"end":{"line":4,"column":40}},"type":"binary-expr","locations":[{"start":{"line":4,"column":9},"end":{"line":4,"column":30}},{"start":{"line":4,"column":34},"end":{"line":4,"column":40}}],"line":4},"1":{"loc":{"start":{"line":6,"column":4},"end":{"line":14,"column":17}},"type":"cond-expr","locations":[{"start":{"line":7,"column":8},"end":{"line":13,"column":9}},{"start":{"line":14,"column":8},"end":{"line":14,"column":17}}],"line":6}},"s":{"0":1,"1":1,"2":1},"f":{},"b":{"0":[1,1],"1":[1,0]},"_coverageSchema":"1a1c01bbd47fc00a2c39e90264f33305004495a9","hash":"c61de1d15615d008a8db5c81c5ca73b3216e395d","contentHash":"1b405b9a99221c2bcd87a1fa0e736817a6fef421fa1a6c3129d163f4ae904042"},"C:\\Users\\MSS\\Desktop\\mern project final\\cohort-9-mern-6825-syeda\\backend\\middleware\\Auth.js":{"path":"C:\\Users\\MSS\\Desktop\\mern project final\\cohort-9-mern-6825-syeda\\backend\\middleware\\Auth.js","statementMap":{"0":{"start":{"line":1,"column":12},"end":{"line":1,"column":35}},"1":{"start":{"line":2,"column":13},"end":{"line":2,"column":38}},"2":{"start":{"line":4,"column":16},"end":{"line":23,"column":1}},"3":{"start":{"line":5,"column":2},"end":{"line":22,"column":3}},"4":{"start":{"line":6,"column":18},"end":{"line":6,"column":36}},"5":{"start":{"line":8,"column":4},"end":{"line":10,"column":5}},"6":{"start":{"line":9,"column":6},"end":{"line":9,"column":84}},"7":{"start":{"line":12,"column":20},"end":{"line":12,"column":61}},"8":{"start":{"line":13,"column":4},"end":{"line":13,"column":47}},"9":{"start":{"line":15,"column":4},"end":{"line":17,"column":5}},"10":{"start":{"line":16,"column":6},"end":{"line":16,"column":72}},"11":{"start":{"line":19,"column":4},"end":{"line":19,"column":11}},"12":{"start":{"line":21,"column":4},"end":{"line":21,"column":78}},"13":{"start":{"line":25,"column":0},"end":{"line":25,"column":29}}},"fnMap":{"0":{"name":"(anonymous_0)","decl":{"start":{"line":4,"column":16},"end":{"line":4,"column":17}},"loc":{"start":{"line":4,"column":42},"end":{"line":23,"column":1}},"line":4}},"branchMap":{"0":{"loc":{"start":{"line":8,"column":4},"end":{"line":10,"column":5}},"type":"if","locations":[{"start":{"line":8,"column":4},"end":{"line":10,"column":5}},{"start":{},"end":{}}],"line":8},"1":{"loc":{"start":{"line":15,"column":4},"end":{"line":17,"column":5}},"type":"if","locations":[{"start":{"line":15,"column":4},"end":{"line":17,"column":5}},{"start":{},"end":{}}],"line":15}},"s":{"0":1,"1":1,"2":1,"3":2,"4":2,"5":2,"6":1,"7":1,"8":1,"9":1,"10":0,"11":1,"12":0,"13":1},"f":{"0":2},"b":{"0":[1,1],"1":[0,1]},"_coverageSchema":"1a1c01bbd47fc00a2c39e90264f33305004495a9","hash":"8e4c8cccf0f27867468725dd024f787ca891be0c","contentHash":"26863d63cdb5f4f2e784a06a2c9d01554447e0fb9fcd635634cd85707fabb3fe"}}